K:\Automation\Cambria\Plant\Building\DWGS\Rooftop\Roof Equipment.dwg,Plot-FLR,2/17/2009 10:30:31 AM,WILLIG01,LSCAHP5100.pc3,11x17,1:1.82675,
K:\Automation\Cambria\Plant\Line 1\Formulation\Silo\DWGS\Silos\Silo_PID_rev2.DWG,Model,2/17/2009 11:24:44 AM,WILLIG01,LSCAHP5100.pc3,11x17,1:1.7141,
K:\Automation\Cambria\Plant\Line 1\Formulation\MXA\DWGS\C Side PID\Mixing Line C_rev3.DWG,C Side PID,2/17/2009 11:25:07 AM,WILLIG01,LSCAHP5100.pc3,11x17,1:0.999204,
K:\Automation\Cambria\Plant\Line 1\Formulation\MXB\DWGS\B Side PID\Mixing Line A&B_rev0.DWG,Model,2/17/2009 11:25:29 AM,WILLIG01,LSCAHP5100.pc3,11x17,1:2.24972,
K:\Automation\Cambria\Plant\Building\DWGS\01-29-09 Addition drawings\Breton\Breton DWG 100307\BA22-9900.dwg,Model,2/26/2009 2:35:10 PM,WILLIG01,LSCAHP5100.pc3,11x17,1:197.121,
K:\Automation\Cambria\Plant\Building\DWGS\01-29-09 Addition drawings\Breton\Polish line 2\1259-9900.dwg,Model,2/26/2009 2:39:55 PM,WILLIG01,LSCAHP5100.pc3,11x17,1:139.223,
K:\Automation\Cambria\Plant\Building\DWGS\01-29-09 Addition drawings\Breton\Polish line 2\1607-9900.dwg,Model,2/26/2009 2:40:10 PM,WILLIG01,LSCAHP5100.pc3,11x17,1:139.236,
K:\Automation\Cambria\Plant\Building\DWGS\01-29-09 Addition drawings\Breton\Polish line 2\1607-9910.dwg,Model,2/26/2009 2:40:16 PM,WILLIG01,LSCAHP5100.pc3,11x17,1:139.236,
K:\Automation\Cambria\Plant\Building\DWGS\01-29-09 Addition drawings\Breton\Polish line 2\1621-9900.dwg,Model,2/26/2009 2:40:26 PM,WILLIG01,LSCAHP5100.pc3,11x17,1:197.133,
K:\Automation\Cambria\Plant\Building\DWGS\01-29-09 Addition drawings\Breton\Polish line 2\1621-9910.dwg,Model,2/26/2009 2:40:38 PM,WILLIG01,LSCAHP5100.pc3,11x17,1:197.133,
K:\Automation\Cambria\Plant\Building\DWGS\01-29-09 Addition drawings\Breton\Polish line 2\BA22-9900.dwg,Model,2/26/2009 2:40:45 PM,WILLIG01,LSCAHP5100.pc3,11x17,1:98.4495,
K:\Automation\Cambria\Plant\Building\DWGS\01-29-09 Addition drawings\Breton\Polish line 2\BA62-9900.dwg,Model,2/26/2009 2:40:51 PM,WILLIG01,LSCAHP5100.pc3,11x17,1:197.115,
K:\Automation\Cambria\Plant\Building\DWGS\01-29-09 Addition drawings\Breton\Polish line 2\BA83-9900.dwg,Model,2/26/2009 2:40:58 PM,WILLIG01,LSCAHP5100.pc3,11x17,1:197.133,
K:\Automation\Cambria\Plant\Building\DWGS\01-29-09 Addition drawings\Breton\Polish line 2\BC08-9900.dwg,Model,2/26/2009 2:41:03 PM,WILLIG01,LSCAHP5100.pc3,11x17,1:98.4495,
K:\Automation\Cambria\Plant\Building\DWGS\01-29-09 Addition drawings\Breton\Polish line 2\BL551212541FLrev1.dwg,Model,2/26/2009 2:41:44 PM,WILLIG01,LSCAHP5100.pc3,11x17,1:840.075,
K:\Automation\Cambria\Plant\Building\DWGS\01-29-09 Addition drawings\Breton\Breton DWG 100307\BL852512540F1D1_0.dwg,Model,2/26/2009 2:48:14 PM,WILLIG01,LSCAHP5100.pc3,11x17,1:840.037,
K:\Automation\Cambria\Plant\Building\DWGS\Original building drawings\Breton\Drawings\Equipment Foundation Drawings\BL811212540F1-r2 (Bay 3 Foundation Layout).dwg,Model,2/26/2009 2:57:45 PM,WILLIG01,LSCAHP5100.pc3,11x17,1:840.103,
K:\Automation\Cambria\Plant\Building\DWGS\Original building drawings\Breton\Drawings\Equipment Foundation Drawings\BL811212540F2-r1 (Bay 1 & 2 Foundation Layout).dwg,Model,2/26/2009 2:58:36 PM,WILLIG01,LSCAHP5100.pc3,11x17,1:788.534,
K:\Automation\Cambria\Plant\Building\DWGS\Original building drawings\Breton\Drawings\Equipment Layout Drawings\8112-1254 - AC R14.dwg,Model,2/26/2009 3:04:21 PM,WILLIG01,LSCAHP5100.pc3,11x17,1:987.41,
K:\Automation\Cambria\Plant\Building\DWGS\Original building drawings\Breton\Drawings\Equipment Process Drawings\Outdated Equipment Process Drawings\BL811212540E (Electric Power Feeding Point).dwg,Model,2/26/2009 3:07:08 PM,WILLIG01,LSCAHP5100.pc3,11x17,1:1577.12,
K:\Automation\Cambria\Plant\Building\DWGS\Original building drawings\Breton\Drawings\Equipment Process Drawings\Outdated Equipment Process Drawings\BL811212540Ea (Electric Power Feeding Point).dwg,Model,2/26/2009 3:07:25 PM,WILLIG01,LSCAHP5100.pc3,11x17,1:1577.12,
K:\Automation\Cambria\Plant\Building\DWGS\Original building drawings\Breton\Drawings\Equipment Process Drawings\Outdated Equipment Process Drawings\BL811212540P (Compressed Air Feeding Point).dwg,Model,2/26/2009 3:07:37 PM,WILLIG01,LSCAHP5100.pc3,11x17,1:1577.12,
K:\Automation\Cambria\Plant\Building\DWGS\Original building drawings\Breton\Drawings\Equipment Process Drawings\Outdated Equipment Process Drawings\BL811212540W (Water Feeding Point).dwg,Model,2/26/2009 3:07:43 PM,WILLIG01,LSCAHP5100.pc3,11x17,1:1577.12,
K:\Automation\Cambria\Plant\Building\DWGS\Original building drawings\Breton\Drawings\Equipment Process Drawings\BL011212540EX (Dust and Styrene Fumes Extracting Circuits).dwg,Model,2/26/2009 3:08:24 PM,WILLIG01,LSCAHP5100.pc3,11x17,1:1113.89,
K:\Automation\Cambria\Plant\Building\DWGS\Original building drawings\Breton\Drawings\Equipment Process Drawings\0407-0700C.dwg,Model,2/26/2009 3:13:08 PM,WILLIG01,LSCAHP5100.pc3,11x17,1:1670.87,
K:\Automation\Cambria\Plant\Building\DWGS\Original building drawings\Breton\Drawings\Equipment Process Drawings\7411-1001.dwg,Model,2/26/2009 3:13:27 PM,WILLIG01,LSCAHP5100.pc3,11x17,1:1113.79,
K:\Automation\Cambria\Plant\Building\DWGS\Original building drawings\Breton\Drawings\Equipment Process Drawings\7411-1002.dwg,Model,2/26/2009 3:13:33 PM,WILLIG01,LSCAHP5100.pc3,11x17,1:787.571,
K:\Automation\Cambria\Plant\Building\DWGS\Original building drawings\Breton\Drawings\Equipment Process Drawings\8499-0028 Breton Layout.dwg,Model,2/26/2009 3:13:47 PM,WILLIG01,LSCAHP5100.pc3,11x17,1:8400.29,
K:\Automation\Cambria\Plant\Building\DWGS\Original building drawings\Breton\Drawings\Equipment Process Drawings\8499-0028-Mod 2(US Units).dwg,Layout1,2/26/2009 3:15:13 PM,WILLIG01,LSCAHP5100.pc3,11x17,1:1.96309,
K:\Automation\Cambria\Plant\Building\DWGS\Original building drawings\Breton\Drawings\Equipment Process Drawings\BL011212540EX (Dust and Styrene Fumes Extracting Circuits).dwg,Model,2/26/2009 3:15:55 PM,WILLIG01,LSCAHP5100.pc3,11x17,1:1113.89,
K:\Automation\Cambria\Plant\Building\DWGS\Original building drawings\Breton\Drawings\Equipment Process Drawings\BL811212540E-r1 (Electric Power Feeding Point).dwg,Model,2/26/2009 3:16:04 PM,WILLIG01,LSCAHP5100.pc3,11x17,1:1577.12,
K:\Automation\Cambria\Plant\Building\DWGS\Original building drawings\Breton\Drawings\Equipment Process Drawings\BL811212540P-r1 (Compressed Air Feeding Point).dwg,Model,2/26/2009 3:16:11 PM,WILLIG01,LSCAHP5100.pc3,11x17,1:1577.07,
K:\Automation\Cambria\Plant\Building\DWGS\Original building drawings\Breton\Drawings\Equipment Process Drawings\BL811212540W-r2 (Water Feeding Point).dwg,Model,2/26/2009 3:16:32 PM,WILLIG01,LSCAHP5100.pc3,11x17,1:1576.96,
K:\Automation\CAD Building Drawings\Network\Isolated Layout Drawing.dwg,Model,2/26/2009 4:45:42 PM,WILLIG01,LSCAHP5100.pc3,11x17,1:18.1663,
K:\Automation\CAD Panel Drawings\My Plant Layout2.dwg,Model,2/26/2009 4:49:34 PM,WILLIG01,LSCAHP5100.pc3,11x17,1:1161.8,
K:\Automation\CAD Panel Drawings\My Plant Layout2.dwg,Model,2/26/2009 4:53:00 PM,WILLIG01,LSCAHP5100.pc3,11x17,1:430.142,
K:\Automation\Cambria\Plant\Building\DWGS\Plant 1\Wunderlich Office Dwgs\110075-E1.dwg,A0-Furniture Plan,2/27/2009 2:55:46 PM,WILLIG01,LSCAHP5100.pc3,11x17,1:2.13113,
K:\Automation\Cambria\Plant\Building\DWGS\Plant 1\Wunderlich Office Dwgs\110075-E1.dwg,A1-CONST,2/27/2009 2:55:53 PM,WILLIG01,LSCAHP5100.pc3,11x17,1:2.1309,
K:\Automation\Cambria\Plant\Building\DWGS\Plant 1\Wunderlich Office Dwgs\110075-E1.dwg,A2-REFLECTED CEILING,2/27/2009 2:55:56 PM,WILLIG01,LSCAHP5100.pc3,11x17,1:2.19301,
K:\Automation\Cambria\Plant\Building\DWGS\Plant 1\Wunderlich Office Dwgs\110075-E1.dwg,A3-ELEC.,2/27/2009 2:55:59 PM,WILLIG01,LSCAHP5100.pc3,11x17,1:2.25,
K:\Automation\Cambria\Plant\Building\DWGS\Plant 1\Wunderlich Office Dwgs\110075-E1.dwg,A4-FINISHES,2/27/2009 2:56:02 PM,WILLIG01,LSCAHP5100.pc3,11x17,1:2.1309,
K:\Automation\Cambria\Plant\Building\DWGS\Plant 1\Wunderlich Office Dwgs\110075-E2.dwg,A0-Furniture Plan,2/27/2009 2:57:21 PM,WILLIG01,LSCAHP5100.pc3,11x17,1:2.13113,
K:\Automation\Cambria\Plant\Building\DWGS\Plant 1\Wunderlich Office Dwgs\110075-E2.dwg,A1-CONST,2/27/2009 2:57:26 PM,WILLIG01,LSCAHP5100.pc3,11x17,1:2.1309,
K:\Automation\Cambria\Plant\Building\DWGS\Plant 1\Wunderlich Office Dwgs\110075-E2.dwg,A2-REFLECTED CEILING,2/27/2009 2:57:29 PM,WILLIG01,LSCAHP5100.pc3,11x17,1:2.19301,
K:\Automation\Cambria\Plant\Building\DWGS\Plant 1\Wunderlich Office Dwgs\110075-E2.dwg,A3-ELEC.,2/27/2009 2:58:00 PM,WILLIG01,LSCAHP5100.pc3,11x17,1:2.25,
K:\Automation\Cambria\Plant\Building\DWGS\Plant 1\Wunderlich Office Dwgs\110075-E2.dwg,A4-FINISHES,2/27/2009 2:58:03 PM,WILLIG01,LSCAHP5100.pc3,11x17,1:2.1309,
K:\Automation\Cambria\Plant\Utility\WAF\DWGS\Phase 2\07105203-4.dwg,Model,2/27/2009 3:07:27 PM,WILLIG01,LSCAHP5100.pc3,11x17,1:1.96129,
K:\Automation\Cambria\Plant\Utility\WAF\DWGS\Phase 2\07105203-1.dwg,Model,2/27/2009 3:07:37 PM,WILLIG01,LSCAHP5100.pc3,11x17,1:1.94938,
K:\Automation\Cambria\Plant\Utility\Water Room 2\DWGS\Water Room Layout - 101907.dwg,Layout1,2/27/2009 3:55:53 PM,WILLIG01,LSCAHP5100.pc3,11x17,1:2.01728,
K:\Automation\Cambria\Plant\Building\DWGS\Original building drawings\Breton\Drawings\Equipment Process Drawings\Breton Sand Silo Conveyor Layout.dwg,Layout1,3/2/2009 11:51:09 AM,WILLIG01,LSCAHP5100.pc3,11x17,1:1.54688,
K:\Automation\Cambria\Plant\Building\DWGS\Original building drawings\Breton\Drawings\Equipment Process Drawings\8499-0028F.2 Breton Layout.dwg,Model,3/2/2009 11:51:17 AM,WILLIG01,LSCAHP5100.pc3,11x17,1:8400.51,
K:\Automation\Cambria\Plant\Building\DWGS\Original building drawings\Breton\Drawings\Equipment Process Drawings\8499-0028-IMC.dwg,Model,3/2/2009 11:51:26 AM,WILLIG01,LSCAHP5100.pc3,11x17,1:4177.07,
K:\Department\Projects\Cambria\2030-05C-CCO - Cambria Plant Expansion Line 2  Equipment\Compressed Air\Compressed Air Layout - Mix Room Mods 9-19-08.dwg,Soft Line,3/4/2009 10:55:59 AM,ROLLAP01,LSCAHP5100.pc3,11x17,1:1.96456,
K:\Department\Projects\Cambria\2030-05C-CCO - Cambria Plant Expansion Line 2  Equipment\Compressed Air\Compressor Room Layout - 061207.dwg,Model,3/4/2009 11:04:05 AM,ROLLAP01,LSCAHP5100.pc3,11x17,1:160.084,
C:\Documents and Settings\rollap01\My Documents\Drawing1.dwg,Model,3/4/2009 11:23:27 AM,ROLLAP01,LSCAHP5100.pc3,11x17,1:1.875e+019,
K:\Department\Projects\Cambria\2030-05C-CCO - Cambria Plant Expansion Line 2  Equipment\Dense Phase Conveying\Whirl Air-Flow\Drawings\Phase 2\Installation Issue 040108\D07105105-17M.dwg,Model,3/4/2009 11:34:15 AM,ROLLAP01,LSCAHP5100.pc3,11x17,1:1.90514,
K:\Department\Projects\Cambria\2030-05C-CCO - Cambria Plant Expansion Line 2  Equipment\Dense Phase Conveying\Whirl Air-Flow\Drawings\Phase 2\Installation Issue 040108\D07105105-13M.dwg,Model,3/4/2009 11:34:23 AM,ROLLAP01,LSCAHP5100.pc3,11x17,1:91.4507,
K:\Department\Projects\Cambria\2030-05C-CCO - Cambria Plant Expansion Line 2  Equipment\Dense Phase Conveying\Whirl Air-Flow\Drawings\Phase 2\Installation Issue 040108\D07105105-11M.dwg,Model,3/4/2009 11:34:27 AM,ROLLAP01,LSCAHP5100.pc3,11x17,1:183.963,
K:\Department\Projects\Cambria\2030-05C-CCO - Cambria Plant Expansion Line 2  Equipment\Dense Phase Conveying\Whirl Air-Flow\Drawings\Phase 2\Installation Issue 040108\D07105105-8M.dwg,Model,3/4/2009 11:34:32 AM,ROLLAP01,LSCAHP5100.pc3,11x17,1:91.8869,
K:\Department\Projects\Cambria\2030-05C-CCO - Cambria Plant Expansion Line 2  Equipment\Dense Phase Conveying\Whirl Air-Flow\Drawings\Phase 2\Installation Issue 040108\D07105105-7M.dwg,Model,3/4/2009 11:34:38 AM,ROLLAP01,LSCAHP5100.pc3,11x17,1:91.4512,
K:\Department\Projects\Cambria\2030-05C-CCO - Cambria Plant Expansion Line 2  Equipment\Dense Phase Conveying\Whirl Air-Flow\Drawings\Phase 2\Installation Issue 040108\D07105105-1M.dwg,Model,3/4/2009 11:34:43 AM,ROLLAP01,LSCAHP5100.pc3,11x17,1:732.646,
K:\Department\Projects\Cambria\2030-05C-CCO - Cambria Plant Expansion Line 2  Equipment\Drawings\Water Room\CCO-PI-5400-01-R02 - Water Room P&ID.dwg,Layout1,3/4/2009 11:58:29 AM,ROLLAP01,LSCAHP5100.pc3,11x17,1:2.03049,
K:\Department\Projects\Cambria\2030-05C-CCO - Cambria Plant Expansion Line 2  Equipment\Dust Collection\Drawings\Dust Collection Ductwork Layout - R2 on #7 032108.dwg,Plan,3/4/2009 12:11:37 PM,ROLLAP01,LSCAHP5100.pc3,11x17,1:2.01717,
K:\Department\Projects\Cambria\2030-05C-CCO - Cambria Plant Expansion Line 2  Equipment\Dust Collection\Drawings\Dust Collection Ductwork Layout - R2 on #7 032108.dwg,North,3/4/2009 12:11:45 PM,ROLLAP01,LSCAHP5100.pc3,11x17,1:2.01729,
K:\Department\Projects\Cambria\2030-05C-CCO - Cambria Plant Expansion Line 2  Equipment\Dust Collection\Drawings\Dust Collection Ductwork Layout - R2 on #7 032108.dwg,South,3/4/2009 12:11:50 PM,ROLLAP01,LSCAHP5100.pc3,11x17,1:2.01793,
K:\Department\Projects\Cambria\2030-05C-CCO - Cambria Plant Expansion Line 2  Equipment\Dust Collection\Drawings\Dust Collection Ductwork Layout - R2 on #7 032108.dwg,Plan Dims,3/4/2009 12:11:55 PM,ROLLAP01,LSCAHP5100.pc3,11x17,1:2.01729,
K:\Department\Projects\Cambria\2030-05C-CCO - Cambria Plant Expansion Line 2  Equipment\Dust Collection\Drawings\Dust Collection Ductwork Layout - R2 on #7 032108.dwg,North Dims,3/4/2009 12:12:01 PM,ROLLAP01,LSCAHP5100.pc3,11x17,1:2.01729,
K:\Department\Projects\Cambria\2030-05C-CCO - Cambria Plant Expansion Line 2  Equipment\Dust Collection\Drawings\Dust Collection Ductwork Layout - R2 on #7 032108.dwg,South Dims,3/4/2009 12:12:06 PM,ROLLAP01,LSCAHP5100.pc3,11x17,1:2.01729,
K:\Department\Projects\Cambria\2030-05C-CCO - Cambria Plant Expansion Line 2  Equipment\Dust Collection\Drawings\Dust Collection Ductwork Layout - R2 on #7 032108.dwg,Duct Connection ID,3/4/2009 12:12:27 PM,ROLLAP01,LSCAHP5100.pc3,11x17,1:2.01729,
K:\Department\Projects\Cambria\2030-05C-CCO - Cambria Plant Expansion Line 2  Equipment\Dust Collection\Drawings\Dust Collection Ductwork Layout - R2 on #7 032108.dwg,Dust Collector,3/4/2009 12:12:30 PM,ROLLAP01,LSCAHP5100.pc3,11x17,1:1.96316,
K:\Department\Projects\Cambria\2030-05C-CCO - Cambria Plant Expansion Line 2  Equipment\Elk River Machine Co\Drawings\Final Layouts 081507\600444B.dwg,Model,3/4/2009 12:21:00 PM,ROLLAP01,LSCAHP5100.pc3,11x17,1:193.5,
K:\Department\Projects\Cambria\2030-05C-CCO - Cambria Plant Expansion Line 2  Equipment\Elk River Machine Co\Drawings\Final Layouts 081507\600444B.dwg,Model,3/4/2009 12:21:23 PM,ROLLAP01,LSCAHP5100.pc3,11x17,1:193.5,
K:\Department\Projects\Cambria\2030-05C-CCO - Cambria Plant Expansion Line 2  Equipment\Elk River Machine Co\Drawings\Final Layouts 081507\600444B.dwg,Model,3/4/2009 12:21:43 PM,ROLLAP01,LSCAHP5100.pc3,11x17,1:193.5,
K:\Department\Projects\Cambria\2030-05C-CCO - Cambria Plant Expansion Line 2  Equipment\Elk River Machine Co\Drawings\Final Layouts 081507\600444B.dwg,Model,3/4/2009 12:22:01 PM,ROLLAP01,LSCAHP5100.pc3,11x17,1:96.75,
K:\Department\Projects\Cambria\2030-05C-CCO - Cambria Plant Expansion Line 2  Equipment\Resin Pumping System\Drawings\P&ID\Tim's resin P&ID - 052008.dwg,East Platform,3/4/2009 12:24:39 PM,ROLLAP01,LSCAHP5100.pc3,11x17,1:2.01734,
K:\Department\Projects\Cambria\2030-05C-CCO - Cambria Plant Expansion Line 2  Equipment\Resin Pumping System\Drawings\P&ID\Tim's resin P&ID - 052008.dwg,West Platform,3/4/2009 12:24:43 PM,ROLLAP01,LSCAHP5100.pc3,11x17,1:2.01734,
K:\Department\Projects\Cambria\2030-05C-CCO - Cambria Plant Expansion Line 2  Equipment\Resin Pumping System\Mixing Line C_rev2 - Mixer PID.DWG,Model,3/4/2009 12:24:52 PM,ROLLAP01,LSCAHP5100.pc3,11x17,1:1.7141,
K:\Department\Projects\Cambria\2030-05C-CCO - Cambria Plant Expansion Line 2  Equipment\RTO system\Anguil Environmental\Drawings\Received Drawing Package - 060408\13568-1c.dwg,Model,3/4/2009 12:31:54 PM,ROLLAP01,LSCAHP5100.pc3,11x17,1:1.92008,
K:\Department\Projects\Cambria\2030-05C-CCO - Cambria Plant Expansion Line 2  Equipment\RTO system\Anguil Environmental\Drawings\Received Drawing Package - 060408\13568-201C.dwg,Model,3/4/2009 12:32:22 PM,ROLLAP01,LSCAHP5100.pc3,11x17,1:63.3722,
K:\Department\Projects\Cambria\2030-05C-CCO - Cambria Plant Expansion Line 2  Equipment\RTO system\Anguil Environmental\Drawings\Received Drawing Package - 060408\13568-202C.dwg,Model,3/4/2009 12:32:36 PM,ROLLAP01,LSCAHP5100.pc3,11x17,1:95.0565,
K:\Department\Projects\Cambria\2030-05C-CCO - Cambria Plant Expansion Line 2  Equipment\RTO system\Anguil Environmental\Drawings\Received Drawing Package - 060408\13568-500.dwg,Model,3/4/2009 12:32:58 PM,ROLLAP01,LSCAHP5100.pc3,11x17,1:47.3747,
K:\Department\Projects\Cambria\2030-05C-CCO - Cambria Plant Expansion Line 2  Equipment\RTO system\Anguil Environmental\Equipment Layout.dwg,Model,3/4/2009 12:37:26 PM,ROLLAP01,LSCAHP5100.pc3,11x17,1:94.751,
K:\Department\Projects\Cambria\2030-05C-CCO - Cambria Plant Expansion Line 2  Equipment\RTO system\Drawings\RTO Duct & Pickup Details - Bid Drawing - Rev 1 - 5.9.08.dwg,Plan,3/4/2009 12:42:45 PM,ROLLAP01,LSCAHP5100.pc3,11x17,1:2.01726,
K:\Department\Projects\Cambria\2030-05C-CCO - Cambria Plant Expansion Line 2  Equipment\RTO system\Drawings\RTO Duct & Pickup Details - Bid Drawing - Rev 1 - 5.9.08.dwg,Elevation,3/4/2009 12:42:59 PM,ROLLAP01,LSCAHP5100.pc3,11x17,1:2.01731,
K:\Department\Projects\Cambria\2030-05C-CCO - Cambria Plant Expansion Line 2  Equipment\RTO system\Drawings\RTO Duct & Pickup Details - Bid Drawing - Rev 1 - 5.9.08.dwg,Pick-Up Details,3/4/2009 12:43:27 PM,ROLLAP01,LSCAHP5100.pc3,11x17,1:0.635399,
K:\Department\Projects\Cambria\2030-05C-CCO - Cambria Plant Expansion Line 2  Equipment\RTO system\Drawings\RTO Duct & Pickup Details - Bid Drawing - Rev 1 - 5.9.08.dwg,Hot Oil Room,3/4/2009 12:43:44 PM,ROLLAP01,LSCAHP5100.pc3,11x17,1:2.01714,
K:\Department\Projects\Cambria\2030-05C-CCO - Cambria Plant Expansion Line 2  Equipment\RTO system\Drawings\RTO Duct & Pickup Details - Bid Drawing - Rev 1 - 5.9.08.dwg,RTO Change,3/4/2009 12:43:55 PM,ROLLAP01,LSCAHP5100.pc3,11x17,1:0.605362,
K:\Department\Projects\Cambria\2030-05C-CCO - Cambria Plant Expansion Line 2  Equipment\RTO system\Drawings\RTO Duct & Pickup Details - Bid Drawing - Rev 1 - 5.9.08.dwg,Piping Change,3/4/2009 12:44:08 PM,ROLLAP01,LSCAHP5100.pc3,11x17,1:0.605916,
K:\Department\Projects\Cambria\2030-05C-CCO - Cambria Plant Expansion Line 2  Equipment\Breton\Polish Line\Line 1 Calibrators\Drawings\585184\CRAL-9910.dwg,Model,3/4/2009 1:03:37 PM,ROLLAP01,LSCAHP5100.pc3,11x17,1:98.4495,
K:\Department\Projects\Cambria\2030-05C-CCO - Cambria Plant Expansion Line 2  Equipment\Breton\Polish Line\Line 1 Calibrators\Drawings\585184\BL551212541EF.dwg,Model,3/4/2009 1:03:41 PM,ROLLAP01,LSCAHP5100.pc3,11x17,1:556.943,
K:\Department\Projects\Cambria\2030-05C-CCO - Cambria Plant Expansion Line 2  Equipment\Breton\Polish Line\Line 1 Calibrators\Drawings\585184\BL551212541EA.dwg,Model,3/4/2009 1:03:45 PM,ROLLAP01,LSCAHP5100.pc3,11x17,1:556.943,
K:\Department\Projects\Cambria\2030-05C-CCO - Cambria Plant Expansion Line 2  Equipment\Breton\Polish Line\Line 1 Calibrators\Drawings\585184\1607-9960.dwg,Model,3/4/2009 1:03:48 PM,ROLLAP01,LSCAHP5100.pc3,11x17,1:139.236,
K:\Department\Projects\Cambria\2030-05C-CCO - Cambria Plant Expansion Line 2  Equipment\Breton\Polish Line\Line 1 Calibrators\Drawings\585184\1607-9950.dwg,Model,3/4/2009 1:03:51 PM,ROLLAP01,LSCAHP5100.pc3,11x17,1:139.236,
Z:\Plant1&2-MasterPlan.dwg,MasterPlan,3/12/2009 2:19:15 PM,WILLIG01,LSCAHP5100.pc3,11x17,1:2.01729,
Z:\Plant1&2-MasterPlan.dwg,MasterPlan,3/12/2009 3:50:36 PM,WILLIG01,LSCAHP5100.pc3,11x17,1:2.01729,
Z:\Plant1&2-MasterPlan.dwg,MasterPlan,3/12/2009 4:13:56 PM,WILLIG01,LSCAHP5100.pc3,11x17,1:2.01729,
Z:\Plant1&2-MasterPlan.dwg,MasterPlan,3/12/2009 4:16:22 PM,WILLIG01,LSCAHP5100.pc3,11x17,1:2.01729,
Z:\Plant1&2-MasterPlan.dwg,MasterPlan,3/12/2009 5:01:43 PM,WILLIG01,LSCAHP5100.pc3,11x17,1:2.01729,
Z:\Plant1&2-MasterPlan.dwg,MasterPlan,3/13/2009 10:05:12 AM,WILLIG01,LSCAHP5100.pc3,11x17,1:2.01729,
Z:\Plant1&2-MasterPlan.dwg,Layout1,3/13/2009 11:40:05 AM,WILLIG01,LSCAHP5100.pc3,11x17,1:0.600551,
Z:\Plant1&2-MasterPlan.dwg,Layout1,3/13/2009 12:55:35 PM,WILLIG01,LSCAHP5100.pc3,11x17,1:0.600551,
Z:\Plant1&2-MasterPlan.dwg,Layout1,3/13/2009 1:11:22 PM,WILLIG01,LSCAHP5100.pc3,11x17,1:0.606892,
Z:\Plant1&2-MasterPlan.dwg,Layout1,3/13/2009 2:16:30 PM,WILLIG01,LSCAHP5100.pc3,11x17,1:0.606892,
Z:\Plant1&2-MasterPlan.dwg,MasterPlan,3/13/2009 2:36:09 PM,WILLIG01,LSCAHP5100.pc3,11x17,1:2.01729,
Z:\Plant1&2-MasterPlan.dwg,Layout1,3/13/2009 2:36:44 PM,WILLIG01,LSCAHP5100.pc3,11x17,1:0.60918,
Z:\Plant1&2-MasterPlan.dwg,Layout1,3/13/2009 3:19:54 PM,WILLIG01,LSCAHP5100.pc3,11x17,1:0.60918,
Z:\Plant1&2-MasterPlan.dwg,Layout1,3/13/2009 3:25:18 PM,WILLIG01,LSCAHP5100.pc3,11x17,1:0.60918,
Z:\Plant1&2-MasterPlan.dwg,TileLine QA ResHoldRaw,3/13/2009 4:02:06 PM,WILLIG01,LSCAHP5100.pc3,11x17,1:0.578354,
Z:\Plant1&2-MasterPlan.dwg,TileLine QA ResHoldRaw,3/13/2009 4:39:25 PM,WILLIG01,LSCAHP5100.pc3,11x17,1:0.578354,
Z:\Plant1&2-MasterPlan.dwg,MasterPlan,3/13/2009 4:41:49 PM,WILLIG01,LSCAHP5100.pc3,11x17,1:2.01729,
Z:\Plant1&2-MasterPlan.dwg,MasterPlan,3/13/2009 4:42:27 PM,WILLIG01,LSCAHP5100.pc3,11x17,1:2.01729,
Z:\Plant1&2-MasterPlan.dwg,Raw,3/16/2009 8:51:08 AM,WILLIG01,LSCAHP5100.pc3,11x17,1:0.60918,
Z:\Plant1&2-MasterPlan.dwg,TileLine & QA & ResHoldRaw,3/16/2009 8:51:23 AM,WILLIG01,LSCAHP5100.pc3,11x17,1:0.578354,
Z:\Plant1&2-MasterPlan.dwg,P022 - P0__,3/16/2009 8:51:36 AM,WILLIG01,LSCAHP5100.pc3,11x17,1:0.582306,
Z:\Plant1&2-MasterPlan.dwg,P091 - P092 -1,3/16/2009 8:51:47 AM,WILLIG01,LSCAHP5100.pc3,11x17,1:0.582306,
Z:\Plant1&2-MasterPlan.dwg,P091 - P092 - 2,3/16/2009 8:51:56 AM,WILLIG01,LSCAHP5100.pc3,11x17,1:0.582306,
Z:\Plant1&2-MasterPlan.dwg,P081 - P082 - 1,3/16/2009 8:52:07 AM,WILLIG01,LSCAHP5100.pc3,11x17,1:0.593448,
Z:\Plant1&2-MasterPlan.dwg,P081 - P082 - 2 & Passed Sort,3/16/2009 8:52:15 AM,WILLIG01,LSCAHP5100.pc3,11x17,1:0.597214,
Z:\Plant1&2-MasterPlan.dwg,QA R2,3/16/2009 8:52:23 AM,WILLIG01,LSCAHP5100.pc3,11x17,1:0.582306,
Z:\Plant1&2-MasterPlan.dwg,Polish,3/16/2009 8:52:34 AM,WILLIG01,LSCAHP5100.pc3,11x17,1:0.586692,
Z:\Plant1&2-MasterPlan.dwg,MasterPlan,3/16/2009 8:54:09 AM,WILLIG01,LSCAHP5100.pc3,11x17,1:2.01729,
Z:\Plant1&2-MasterPlan.dwg,Outside,3/16/2009 9:09:56 AM,WILLIG01,LSCAHP5100.pc3,11x17,1:0.603984,
Z:\Plant1&2-MasterPlan.dwg,P022 - P0__,3/16/2009 10:47:45 AM,WILLIG01,LSCAHP5100.pc3,11x17,1:0.994413,
Z:\Plant1&2-MasterPlan.dwg,P022 - P0__,3/16/2009 11:34:56 AM,WILLIG01,LSCAHP5100.pc3,11x17,1:0.994413,
Z:\Plant1&2-MasterPlan.dwg,P091 - P092 - 2,3/16/2009 1:01:17 PM,WILLIG01,LSCAHP5100.pc3,11x17,1:0.994413,
Z:\Plant1&2-MasterPlan.dwg,P091 - P092 -1,3/16/2009 1:01:27 PM,WILLIG01,LSCAHP5100.pc3,11x17,1:0.994413,
Z:\Plant1&2-MasterPlan.dwg,P091 - P092 -1,3/16/2009 1:57:29 PM,WILLIG01,LSCAHP5100.pc3,11x17,1:0.994413,
Z:\Plant1&2-MasterPlan.dwg,P091 - P092 - 2,3/16/2009 1:57:38 PM,WILLIG01,LSCAHP5100.pc3,11x17,1:0.994413,
Z:\Plant1&2-MasterPlan.dwg,P081 - P082 - 1,3/16/2009 2:24:29 PM,WILLIG01,LSCAHP5100.pc3,11x17,1:0.994413,
Z:\Plant1&2-MasterPlan.dwg,P081 - P082 - 2 & Passed Sort,3/16/2009 2:24:52 PM,WILLIG01,LSCAHP5100.pc3,11x17,1:0.597214,
Z:\Plant1&2-MasterPlan.dwg,P081 - P082 - 2 & Passed Sort,3/16/2009 2:27:22 PM,WILLIG01,LSCAHP5100.pc3,11x17,1:0.994383,
Z:\Plant1&2-MasterPlan.dwg,Polish,3/16/2009 3:42:46 PM,WILLIG01,LSCAHP5100.pc3,11x17,1:0.994413,
Z:\Plant1&2-MasterPlan.dwg,Raw,3/16/2009 3:50:00 PM,WILLIG01,LSCAHP5100.pc3,11x17,1:0.99438,
Z:\Plant1&2-MasterPlan.dwg,TileLine & QA & ResHoldRaw,3/16/2009 3:53:29 PM,WILLIG01,LSCAHP5100.pc3,11x17,1:0.994383,
Z:\Plant1&2-MasterPlan.dwg,MasterPlan,3/16/2009 4:14:48 PM,WILLIG01,LSCAHP5100.pc3,11x17,1:2.01729,
Z:\Plant1&2-MasterPlan.dwg,Raw,3/16/2009 4:17:26 PM,WILLIG01,LSCAHP5100.pc3,11x17,1:0.994334,
Z:\Plant1&2-MasterPlan.dwg,MasterPlan,3/17/2009 9:09:20 AM,willig01,LSCAHP5100.pc3,11x17,1:0.999212,
Z:\Plant1&2-MasterPlan.dwg,Polish,3/17/2009 10:12:05 AM,willig01,LSCAHP5100.pc3,11x17,1:0.999212,
Z:\Plant1&2-MasterPlan.dwg,MasterPlan,3/17/2009 10:12:17 AM,willig01,LSCAHP5100.pc3,11x17,1:0.999212,
Z:\Plant1&2-MasterPlan.dwg,MasterPlan,3/17/2009 10:14:43 AM,willig01,LSCAHP5100.pc3,11x17,1:0.999212,
Z:\Plant1&2-MasterPlan.dwg,MasterPlan,3/17/2009 10:56:04 AM,willig01,LSCAHP5100.pc3,11x17,1:0.999212,
K:\Automation\Cambria\Plant\Line 2\Polish Line\Pol-2\DWGS\P2-POL2-95.dwg,Model,3/17/2009 3:37:45 PM,willig01,LSCAHP5100.pc3,11x17,1:26.2516,
K:\Automation\Cambria\Plant\Line 2\Polish Line\Pol-2\DWGS\P2-POL2-95.dwg,Model,3/17/2009 3:38:32 PM,willig01,LSCAHP5100.pc3,Letter,1:37.5011,
Z:\Plant1&2-MasterPlan.dwg,MasterPlan,3/19/2009 3:28:44 PM,WILLIG01,LSCAHP5100.pc3,11x17,1:0.782761,
Z:\Plant1&2-MasterPlan.dwg,MasterPlan,3/19/2009 3:30:23 PM,WILLIG01,LSCAHP5100.pc3,11x17,1:0.782761,
Z:\Plant1&2-MasterPlan.dwg,Model,3/19/2009 4:19:37 PM,WILLIG01,LSCAHP5100.pc3,Tabloid 11 x 17 in,1:136.353,
Z:\2030-05C-CCO - Cambria Plant Expansion Line 2  Equipment\Dense Phase Conveying\Whirl Air-Flow\Drawings\Phase 2\Archive\Final Issue 030608\D07105105-7L.dwg,Model,3/24/2009 8:58:00 AM,WILLIG01,LSCAHP5100.pc3,11x17,1:91.4428,
Z:\_Plant1&2-MasterPlanNew.dwg,Raw,3/26/2009 12:09:07 PM,WILLIG01,LSCAHP5100.pc3,11x17,1:1.03132,
Z:\CompressedAirFormulationPlant2Lower.dwg,Layout1,3/26/2009 12:12:46 PM,WILLIG01,LSCAHP5100.pc3,11x17,1:1,
Z:\E-NewBldgUnderground.dwg,Layout1,3/31/2009 8:20:34 AM,WILLIG01,LSCAHP5100.pc3,11x17,1:1.03133,
Z:\E-LightingPlantBldg.dwg,Layout1,4/2/2009 8:51:46 AM,WILLIG01,LSCAHP5100.pc3,11x17,1:1.03133,
Z:\E-NewBldgPowerPlan.dwg,Layout1,4/2/2009 8:51:53 AM,WILLIG01,LSCAHP5100.pc3,11x17,1:1.03132,
Z:\E-NewBldgRoof.dwg,Layout1,4/2/2009 8:51:59 AM,WILLIG01,LSCAHP5100.pc3,11x17,1:0.999212,
Z:\E-NewBldgUnderground.dwg,Layout1,4/2/2009 8:52:04 AM,WILLIG01,LSCAHP5100.pc3,11x17,1:1.03133,
Z:\2028-05C-CCO - Cambria Plant 2 - Building\Drawings\04-08-08 as builts\8472 E3-11 - R2000.dwg,Plot-ME-RCP,4/28/2009 10:57:56 AM,WILLIG01,LSCAHP5100.pc3,11x17,1:2.70008,
Z:\2028-05C-CCO - Cambria Plant 2 - Building\Drawings\04-08-08 as builts\8472 E2-12 - R2000.dwg,Plot-ME_FLR,4/28/2009 10:58:08 AM,WILLIG01,LSCAHP5100.pc3,11x17,1:2.70008,
Z:\2028-05C-CCO - Cambria Plant 2 - Building\Drawings\04-08-08 as builts\8472 E2-11 - R2000.dwg,Plot-ME_FLR,4/28/2009 10:58:45 AM,WILLIG01,LSCAHP5100.pc3,11x17,1:2.70008,
Z:\2028-05C-CCO - Cambria Plant 2 - Building\Drawings\04-08-08 as builts\8472 E2-13 - R2000.dwg,Plot-ME_FLR,4/28/2009 10:59:09 AM,WILLIG01,LSCAHP5100.pc3,11x17,1:2.70008,
Z:\2028-05C-CCO - Cambria Plant 2 - Building\Drawings\04-08-08 as builts\8472 E2-14 - R2000.dwg,Plot-ME-RCP,4/28/2009 10:59:30 AM,WILLIG01,LSCAHP5100.pc3,11x17,1:2.70008,
Z:\2028-05C-CCO - Cambria Plant 2 - Building\Drawings\04-08-08 as builts\8472 E2-21 - R2000.dwg,Plot-ME_FLR,4/28/2009 10:59:46 AM,WILLIG01,LSCAHP5100.pc3,11x17,1:2.70008,
Z:\2028-05C-CCO - Cambria Plant 2 - Building\Drawings\04-08-08 as builts\8472 E2-22 - R2000.dwg,Plot-ME_FLR,4/28/2009 10:59:58 AM,WILLIG01,LSCAHP5100.pc3,11x17,1:2.70008,
Z:\2028-05C-CCO - Cambria Plant 2 - Building\Drawings\04-08-08 as builts\8472 E2-23 - R2000.dwg,Plot-ME_FLR,4/28/2009 11:00:10 AM,WILLIG01,LSCAHP5100.pc3,11x17,1:2.70008,
Z:\2028-05C-CCO - Cambria Plant 2 - Building\Drawings\04-08-08 as builts\8472 E2-24 - R2000.dwg,Plot-ME-RCP,4/28/2009 11:00:21 AM,WILLIG01,LSCAHP5100.pc3,11x17,1:2.70008,
Z:\2028-05C-CCO - Cambria Plant 2 - Building\Drawings\04-08-08 as builts\8472 E2-25 - R2000.dwg,Plot-ME_FLR,4/28/2009 11:00:32 AM,WILLIG01,LSCAHP5100.pc3,11x17,1:2.70008,
Z:\2028-05C-CCO - Cambria Plant 2 - Building\Drawings\04-08-08 as builts\8472 E2-26 - R2000.dwg,Plot-ME-RCP,4/28/2009 11:00:47 AM,WILLIG01,LSCAHP5100.pc3,11x17,1:2.70008,
Z:\2028-05C-CCO - Cambria Plant 2 - Building\Drawings\04-08-08 as builts\8472 E2-27 - R2000.dwg,Plot-ME_FLR,4/28/2009 11:00:56 AM,WILLIG01,LSCAHP5100.pc3,11x17,1:2.70008,
Z:\2028-05C-CCO - Cambria Plant 2 - Building\Drawings\04-08-08 as builts\8472 E2-31 - R2000.dwg,Plot-ME_FLR,4/28/2009 11:01:10 AM,WILLIG01,LSCAHP5100.pc3,11x17,1:2.70008,
Z:\2028-05C-CCO - Cambria Plant 2 - Building\Drawings\04-08-08 as builts\8472 E2-32 - R2000.dwg,Plot-ME_FLR,4/28/2009 11:01:17 AM,WILLIG01,LSCAHP5100.pc3,11x17,1:2.70008,
Z:\2028-05C-CCO - Cambria Plant 2 - Building\Drawings\04-08-08 as builts\8472 E2-33 - R2000.dwg,Plot-ME_FLR,4/28/2009 11:01:23 AM,WILLIG01,LSCAHP5100.pc3,11x17,1:2.70008,
Z:\2028-05C-CCO - Cambria Plant 2 - Building\Drawings\04-08-08 as builts\8472 E2-34 - R2000.dwg,Plot-ME-RCP,4/28/2009 11:01:30 AM,WILLIG01,LSCAHP5100.pc3,11x17,1:2.70008,
Z:\2028-05C-CCO - Cambria Plant 2 - Building\Drawings\04-08-08 as builts\8472 E3-12 - R2000.dwg,Plot-ME-RCP,4/28/2009 11:01:40 AM,WILLIG01,LSCAHP5100.pc3,11x17,1:2.70008,
Z:\2028-05C-CCO - Cambria Plant 2 - Building\Drawings\04-08-08 as builts\8472 E3-13 - R2000.dwg,Plot-ME-RCP,4/28/2009 11:01:46 AM,WILLIG01,LSCAHP5100.pc3,11x17,1:2.70008,
Z:\2028-05C-CCO - Cambria Plant 2 - Building\Drawings\04-08-08 as builts\8472 E3-14 - R2000.dwg,Plot-ME-RCP,4/28/2009 11:01:52 AM,WILLIG01,LSCAHP5100.pc3,11x17,1:2.70008,
Z:\2028-05C-CCO - Cambria Plant 2 - Building\Drawings\04-08-08 as builts\8472 E5-11 - R2000.dwg,Plot-ME_FLR,4/28/2009 11:03:59 AM,WILLIG01,LSCAHP5100.pc3,11x17,1:2.70008,
Z:\2028-05C-CCO - Cambria Plant 2 - Building\Drawings\04-08-08 as builts\8472 E5-12 - R2000.dwg,Plot-ME_FLR,4/28/2009 11:04:05 AM,WILLIG01,LSCAHP5100.pc3,11x17,1:2.70008,
Z:\2028-05C-CCO - Cambria Plant 2 - Building\Drawings\04-08-08 as builts\8472 E5-13 - R2000.dwg,Plot-ME_FLR,4/28/2009 11:04:11 AM,WILLIG01,LSCAHP5100.pc3,11x17,1:2.70008,
Z:\2028-05C-CCO - Cambria Plant 2 - Building\Drawings\04-08-08 as builts\8472 E6-11 - R2000.dwg,Plot-ME_FLR,4/28/2009 11:04:19 AM,WILLIG01,LSCAHP5100.pc3,11x17,1:2.70008,
Z:\2028-05C-CCO - Cambria Plant 2 - Building\Drawings\04-08-08 as builts\8472 E6-12 - R2000.dwg,Plot-ME_FLR,4/28/2009 11:04:31 AM,WILLIG01,LSCAHP5100.pc3,11x17,1:2.78336,
Z:\2028-05C-CCO - Cambria Plant 2 - Building\Drawings\04-08-08 as builts\8472 E6-13 - R2000.dwg,Plot-ME_FLR,4/28/2009 11:04:39 AM,WILLIG01,LSCAHP5100.pc3,11x17,1:2.70008,
Z:\2028-05C-CCO - Cambria Plant 2 - Building\Drawings\04-08-08 as builts\8472 E6-14 - R2000.dwg,Plot-ME-RCP,4/28/2009 11:04:47 AM,WILLIG01,LSCAHP5100.pc3,11x17,1:2.70008,
Z:\2028-05C-CCO - Cambria Plant 2 - Building\Drawings\04-08-08 as builts\8472 E6-15 - R2000.dwg,Plot-ME_FLR,4/28/2009 11:04:53 AM,WILLIG01,LSCAHP5100.pc3,11x17,1:2.70001,
Z:\2028-05C-CCO - Cambria Plant 2 - Building\Drawings\04-08-08 as builts\8472 E6-21 - R2000.dwg,Plot-ME_FLR,4/28/2009 11:05:03 AM,WILLIG01,LSCAHP5100.pc3,11x17,1:2.70008,
Z:\2028-05C-CCO - Cambria Plant 2 - Building\Drawings\04-08-08 as builts\8472 E7-11 - R2000.dwg,Plot-ME_FLR,4/28/2009 11:05:12 AM,WILLIG01,LSCAHP5100.pc3,11x17,1:2.70008,
Z:\CompressedAir.dwg,Plan View,4/29/2009 2:24:11 PM,WILLIG01,DWF6 ePlot.pc3,ANSI full bleed B (11.00 x 17.00 Inches),1:1,
Z:\CraneRails.dwg,Plan View,4/30/2009 10:05:00 AM,WILLIG01,LSCAHP5100.pc3,11x17,1:1,
Z:\CraneRails.dwg,Plan View,4/30/2009 10:05:12 AM,WILLIG01,LSCAHP5100.pc3,11x17,1:1,
Z:\RawProduct.dwg,Model,5/12/2009 11:13:20 AM,WILLIG01,\\lsca.printers\LSCAHP5100,Tabloid 11 x 17 in,1:111.188,
Z:\_Plant1&2-MasterPlanNew.dwg,TileLine & QA & ResHoldRaw,5/13/2009 11:24:17 AM,WILLIG01,LSCAHP5100.pc3,11x17,1:1,
Z:\_Plant1&2-MasterPlanNew.dwg,MasterPlan,5/13/2009 11:31:12 AM,WILLIG01,LSCAHP5100.pc3,11x17,1:0.152984,
Z:\RacksMetal.dwg,Polish N,5/15/2009 9:39:05 AM,WILLIG01,LSCAHP5100.pc3,11x17,1:1,
Z:\RacksMetal.dwg,Polish S,5/15/2009 9:39:13 AM,WILLIG01,LSCAHP5100.pc3,11x17,1:1,
Z:\RacksMetal.dwg,Plan View,5/15/2009 9:39:33 AM,WILLIG01,LSCAHP5100.pc3,11x17,1:1,
Z:\RacksMetal.dwg,Plan View,5/15/2009 9:43:15 AM,WILLIG01,LSCAHP5100.pc3,11x17,1:1,
Z:\RacksMetal.dwg,Polish S,5/15/2009 10:36:56 AM,WILLIG01,LSCAHP5100.pc3,11x17,1:1,
Z:\RacksMetal.dwg,Polish N,5/15/2009 10:37:17 AM,WILLIG01,LSCAHP5100.pc3,11x17,1:1,
Z:\RacksMetal.dwg,Polish S,5/15/2009 10:37:23 AM,WILLIG01,LSCAHP5100.pc3,11x17,1:1,
Z:\RacksMetal.dwg,Raw,5/15/2009 10:42:45 AM,WILLIG01,LSCAHP5100.pc3,11x17,1:1,
Z:\RacksMetal.dwg,Raw,5/15/2009 11:08:03 AM,WILLIG01,LSCAHP5100.pc3,11x17,1:1,
Z:\RacksMetal.dwg,TileLine & QA & ResHoldRaw,5/15/2009 11:10:40 AM,WILLIG01,LSCAHP5100.pc3,11x17,1:1,
Z:\RacksMetal.dwg,TileLine & QA & ResHoldRaw,5/15/2009 11:20:28 AM,WILLIG01,LSCAHP5100.pc3,11x17,1:1,
Z:\RacksMetal.dwg,P022 - P0__,5/15/2009 11:31:19 AM,WILLIG01,LSCAHP5100.pc3,11x17,1:1,
Z:\RacksMetal.dwg,P022 - P0__,5/15/2009 11:51:18 AM,WILLIG01,LSCAHP5100.pc3,11x17,1:1,
Z:\RacksMetal.dwg,P091 - P092 -1,5/15/2009 12:19:08 PM,WILLIG01,LSCAHP5100.pc3,11x17,1:1,
Z:\RacksMetal.dwg,P091 - P092 - 2,5/15/2009 12:19:16 PM,WILLIG01,LSCAHP5100.pc3,11x17,1:1,
Z:\RacksMetal.dwg,P081 - P082 - 1,5/15/2009 12:40:02 PM,WILLIG01,LSCAHP5100.pc3,11x17,1:1,
Z:\RacksMetal.dwg,QA R2,5/15/2009 12:59:09 PM,WILLIG01,LSCAHP5100.pc3,11x17,1:1,
Z:\RacksMetal.dwg,P081 - P082 - 2 & Passed Sort,5/15/2009 12:59:15 PM,WILLIG01,LSCAHP5100.pc3,11x17,1:1,
Z:\RacksMetal.dwg,P081 - P082 - 1,5/15/2009 12:59:24 PM,WILLIG01,LSCAHP5100.pc3,11x17,1:1,
Z:\RacksMetal.dwg,QA R2,5/15/2009 2:11:31 PM,WILLIG01,LSCAHP5100.pc3,11x17,1:1,
Z:\RacksMetal.dwg,P081 - P082 - 2 & Passed Sort,5/15/2009 2:11:42 PM,WILLIG01,LSCAHP5100.pc3,11x17,1:1,
Z:\RacksMetal.dwg,P081 - P082 - 1,5/15/2009 2:11:54 PM,WILLIG01,LSCAHP5100.pc3,11x17,1:1,
Z:\RacksMetal.dwg,Plan View,5/15/2009 2:15:12 PM,WILLIG01,LSCAHP5100.pc3,11x17,1:1,
Z:\RacksMetal.dwg,Plan View,5/15/2009 2:15:50 PM,WILLIG01,LSCAHP5100.pc3,11x17,1:1,
Z:\RacksMetal.dwg,P081 - P082 - 1,5/22/2009 9:37:44 AM,WILLIG01,LSCAHP5100.pc3,11x17,1:1,
Z:\RacksMetal.dwg,P081 - P082 - 1,5/22/2009 9:38:47 AM,WILLIG01,LSCAHP5100.pc3,11x17,1:1,
Z:\RacksMetal.dwg,P081 - P082 - 2 & Passed Sort,5/22/2009 10:06:49 AM,WILLIG01,LSCAHP5100.pc3,11x17,1:1,
Z:\RacksMetal.dwg,P081 - P082 - 1,5/22/2009 10:06:58 AM,WILLIG01,LSCAHP5100.pc3,11x17,1:1,
Z:\2000-99C-CCO - Cambria Plant\Project Information\Harris Mechanical\HVAC\M15.dwg,Layout1,5/22/2009 3:04:44 PM,WILLIG01,LSCAHP5100.pc3,11x17,1:1,
Z:\2028-05C-CCO - Cambria Plant 2 - Building\Drawings\04-08-08 as builts\8472 M2-41 - R2000.dwg,Plot-ME_FLR,5/22/2009 3:04:49 PM,WILLIG01,LSCAHP5100.pc3,11x17,1:1,
Z:\2028-05C-CCO - Cambria Plant 2 - Building\Drawings\04-08-08 as builts\8472 M2-41 - R2000.dwg,Plot-ME_FLR,5/22/2009 3:05:24 PM,WILLIG01,LSCAHP5100.pc3,11x17,1:2.70008,
Z:\2000-99C-CCO - Cambria Plant\Project Information\Harris Mechanical\HVAC\M15.dwg,Layout1,5/22/2009 3:05:28 PM,WILLIG01,LSCAHP5100.pc3,11x17,1:2.76596,
Z:\CompressedAir.dwg,Plan View,6/1/2009 8:58:31 AM,WILLIG01,DWF6 ePlot.pc3,ANSI full bleed B (11.00 x 17.00 Inches),1:1,
Z:\CompressedAir.dwg,Plan View,6/1/2009 8:59:12 AM,WILLIG01,DWF6 ePlot.pc3,ANSI full bleed B (11.00 x 17.00 Inches),1:1,
Z:\CraneRails.dwg,Plan View,6/5/2009 11:52:52 AM,WILLIG01,DWF6 ePlot.pc3,ANSI full bleed B (11.00 x 17.00 Inches),1:1,
Z:\CraneRails.dwg,Plan View,6/5/2009 11:56:34 AM,WILLIG01,DWF6 ePlot.pc3,ANSI full bleed B (11.00 x 17.00 Inches),1:1,
Z:\RacksMetal.dwg,Plan View,6/9/2009 12:14:37 PM,WILLIG01,DWF6 ePlot.pc3,ANSI full bleed B (11.00 x 17.00 Inches),1:1,
Z:\RacksMetal.dwg,Plan View,6/9/2009 12:15:06 PM,WILLIG01,DWF6 ePlot.pc3,ANSI full bleed B (11.00 x 17.00 Inches),1:1,
Z:\RacksMetal.dwg,P081 - P082 - 1,6/19/2009 2:54:20 PM,WILLIG01,LSCAHP5100.pc3,11x17,1:1,
Z:\RacksMetal.dwg,P081 - P082 - 2 Passed Sort,6/19/2009 2:54:42 PM,WILLIG01,LSCAHP5100.pc3,11x17,1:1,
Z:\RacksMetal.dwg,P081 - P082 - 2 Passed Sort,6/19/2009 2:55:38 PM,WILLIG01,LSCAHP5100.pc3,11x17,1:1,
Z:\RacksMetal.dwg,P081 - P082 - 1,6/19/2009 2:56:38 PM,WILLIG01,LSCAHP5100.pc3,11x17,1:1,
Z:\RacksMetal.dwg,P081 - P082 - 2 Passed Sort,6/19/2009 2:57:21 PM,WILLIG01,LSCAHP5100.pc3,11x17,1:1,
Z:\RacksMetal.dwg,QA R2,6/19/2009 2:58:22 PM,WILLIG01,LSCAHP5100.pc3,11x17,1:1,
Z:\RacksMetal.dwg,P081 - P082 - 1,6/19/2009 3:30:09 PM,WILLIG01,LSCAHP5100.pc3,11x17,1:1,
Z:\RacksMetal.dwg,P081 - P082 - 2 Passed Sort,6/19/2009 3:30:49 PM,WILLIG01,LSCAHP5100.pc3,11x17,1:1,
Z:\RacksMetal.dwg,QA R2,6/19/2009 3:31:27 PM,WILLIG01,LSCAHP5100.pc3,11x17,1:1,
Z:\2000-99C-CCO - Cambria Plant\Drawings\HVAC Electrical Drawings\Harris Mechanical\M15.dwg,Layout1,6/22/2009 2:36:41 PM,WILLIG01,LSCAHP5100.pc3,11x17,1:2.76579,
Z:\2000-99C-CCO - Cambria Plant\Drawings\HVAC Electrical Drawings\Harris Mechanical\m13.dwg,Layout1,6/22/2009 2:43:26 PM,WILLIG01,\\lsca.printers\LSCAMAINTHPDJ500,ANSI D - 22 x 34 in.,1:1,
Z:\2000-99C-CCO - Cambria Plant\Drawings\HVAC Electrical Drawings\Harris Mechanical\m13.dwg,Layout1,6/22/2009 2:46:43 PM,WILLIG01,\\lsca.printers\LSCAMAINTHPDJ500,ANSI D - 22 x 34 in.,1:1,
Z:\2000-99C-CCO - Cambria Plant\Drawings\HVAC Electrical Drawings\Harris Mechanical\m13.dwg,Layout1,6/22/2009 2:46:59 PM,WILLIG01,\\lsca.printers\LSCAMAINTHPDJ500,ANSI D - 22 x 34 in.,1:1,
Z:\2000-99C-CCO - Cambria Plant\Drawings\HVAC Electrical Drawings\Harris Mechanical\m13.dwg,Layout1,6/22/2009 2:47:29 PM,WILLIG01,\\lsca.printers\LSCAMAINTHPDJ500,ANSI D - 22 x 34 in.,1:1,
Z:\2000-99C-CCO - Cambria Plant\Drawings\HVAC Electrical Drawings\Harris Mechanical\m13.dwg,Layout1,6/22/2009 2:47:54 PM,WILLIG01,\\lsca.printers\LSCAMAINTHPDJ500,ANSI D - 22 x 34 in.,1:1,
Z:\2000-99C-CCO - Cambria Plant\Drawings\HVAC Electrical Drawings\Harris Mechanical\m13.dwg,Layout1,6/22/2009 2:57:58 PM,WILLIG01,\\lsca.printers\LSCAMAINTHPDJ500,ANSI D - 22 x 34 in.,1:1,
Z:\2000-99C-CCO - Cambria Plant\Drawings\HVAC Electrical Drawings\Harris Mechanical\m13.dwg,Layout1,6/22/2009 2:58:15 PM,WILLIG01,\\lsca.printers\LSCAMAINTHPDJ500,ANSI D - 22 x 34 in.,1:1,
Z:\2000-99C-CCO - Cambria Plant\Drawings\HVAC Electrical Drawings\Harris Mechanical\m13.dwg,Layout1,6/22/2009 2:58:42 PM,WILLIG01,\\lsca.printers\LSCAMAINTHPDJ500,ANSI D - 22 x 34 in.,1:1,
Z:\2000-99C-CCO - Cambria Plant\Drawings\HVAC Electrical Drawings\Harris Mechanical\m13.dwg,Layout1,6/22/2009 2:59:05 PM,WILLIG01,\\lsca.printers\LSCAMAINTHPDJ500,ANSI D - 22 x 34 in.,1:1,
Z:\RoofTopEquip.dwg,Model,6/22/2009 4:48:42 PM,WILLIG01,\\lsca.printers\LSCAHP5100,Letter,1:825.8,
Z:\RoofTopEquip.dwg,Model,6/22/2009 4:49:12 PM,WILLIG01,\\lsca.printers\LSCAHP5100,Tabloid 11 x 17 in,1:581.661,
Z:\RoofTopEquip.dwg,Model,6/22/2009 4:55:41 PM,WILLIG01,\\lsca.printers\LSCAMAINTHPDJ500,ANSI D - 22 x 34 in.,1:287.173,
Z:\2000-99C-CCO - Cambria Plant\Drawings\HVAC Electrical Drawings\Harris Mechanical\M15.dwg,Layout1,6/23/2009 9:55:07 AM,WILLIG01,LSCAHP5100.pc3,11x17,1:2.76579,
Z:\2028-05C-CCO - Cambria Plant 2 - Building\Drawings\05-22-09 as builts 2005 addition\8472 M2-41 - R2000.dwg,Plot-ME_FLR,6/23/2009 9:59:08 AM,WILLIG01,LSCAHP5100.pc3,11x17,1:2.70008,
Z:\RoofTopEquip.dwg,Plan View,6/23/2009 10:00:13 AM,WILLIG01,LSCAHP5100.pc3,11x17,1:0.999212,
Z:\2028-05C-CCO - Cambria Plant 2 - Building\Drawings\05-22-09 as builts 2005 addition\8472 M2-41 - R2000.dwg,Plot-ME_FLR,6/23/2009 10:04:57 AM,WILLIG01,LSCAHP5100.pc3,11x17,1:2.70008,
Z:\RacksMetal.dwg,P081 - P082 - 1,6/26/2009 12:17:54 PM,WILLIG01,LSCAHP5100.pc3,11x17,1:1,
Z:\RacksMetal.dwg,P081 - P082 - 2 Passed Sort,6/26/2009 12:18:03 PM,WILLIG01,LSCAHP5100.pc3,11x17,1:1,
Z:\RacksMetal.dwg,QA R2,6/26/2009 12:18:13 PM,WILLIG01,LSCAHP5100.pc3,11x17,1:1,
Z:\RacksMetal.dwg,P091 - P092 -1,7/17/2009 11:21:25 AM,WILLIG01,LSCAHP5100.pc3,11x17,1:1,
Z:\RacksMetal.dwg,P081 - P082 - 1,7/17/2009 11:22:06 AM,WILLIG01,LSCAHP5100.pc3,11x17,1:1,
Z:\RacksMetal.dwg,P081 - P082 - 2 Passed Sort,7/17/2009 11:22:33 AM,WILLIG01,LSCAHP5100.pc3,11x17,1:1,
Z:\RacksMetal.dwg,P022 - P0__,7/23/2009 9:33:34 AM,WILLIG01,LSCAHP5100.pc3,11x17,1:1,
Z:\RacksMetal.dwg,P022 - P0__,7/23/2009 9:35:26 AM,WILLIG01,LSCAHP5100.pc3,11x17,1:1,
Z:\RacksMetal.dwg,P022 - P0__,7/23/2009 9:55:34 AM,WILLIG01,LSCAHP5100.pc3,11x17,1:1,
Z:\New Folder\AbTcpVsRSLinx.dwg,LibNoDaveEthernet,8/6/2009 10:53:55 AM,WILLIG01,LSCAHP5100.pc3,11x17,1:1,
Z:\New Folder\AbTcpVsRSLinx.dwg,AbTcpEthernet,8/6/2009 10:54:00 AM,WILLIG01,LSCAHP5100.pc3,11x17,1:1,
Z:\New Folder\AbTcpVsRSLinx.dwg,RSLinx,8/6/2009 10:54:05 AM,WILLIG01,LSCAHP5100.pc3,11x17,1:1,
Z:\New Folder\AbTcpVsRSLinx.dwg,RSLinx,8/6/2009 11:29:00 AM,WILLIG01,LSCAHP5100.pc3,11x17,1:1,
Z:\New Folder\AbTcpVsRSLinx.dwg,AbTcpEthernet,8/6/2009 11:29:05 AM,WILLIG01,LSCAHP5100.pc3,11x17,1:1,
Z:\New Folder\AbTcpVsRSLinx.dwg,AbTcpEthernet,8/6/2009 11:48:37 AM,WILLIG01,LSCAHP5100.pc3,11x17,1:1,
Z:\New Folder\AbTcpVsRSLinx.dwg,RSLinx,8/6/2009 11:48:40 AM,WILLIG01,LSCAHP5100.pc3,11x17,1:1,
Z:\New Folder\AbTcpVsRSLinx.dwg,RSLinx,8/6/2009 2:15:11 PM,WILLIG01,LSCAHP5100.pc3,11x17,1:1,
Z:\New Folder\AbTcpVsRSLinx.dwg,AbTcpEthernet,8/6/2009 2:15:15 PM,WILLIG01,LSCAHP5100.pc3,11x17,1:1,
Z:\New Folder\AbTcpVsRSLinx.dwg,AbTcpEthernet,8/6/2009 2:17:23 PM,WILLIG01,LSCAHP5100.pc3,11x17,1:1,
Z:\New Folder\AbTcpVsRSLinx.dwg,RSLinx,8/6/2009 2:17:26 PM,WILLIG01,LSCAHP5100.pc3,11x17,1:1,
Z:\New Folder\AbTcpVsRSLinx.dwg,AbTcpEthernet,8/6/2009 3:45:38 PM,WILLIG01,LSCAHP5100.pc3,11x17,1:1,
Z:\New Folder\AbTcpVsRSLinx.dwg,RSLinx,8/6/2009 3:45:42 PM,WILLIG01,LSCAHP5100.pc3,11x17,1:1,
Z:\New Folder\AbTcpVsRSLinx.dwg,RSLinx,8/11/2009 11:49:22 AM,WILLIG01,LSCAHP5100.pc3,11x17,1:1,
Z:\New Folder\AbTcpVsRSLinx.dwg,AbTcpEthernet,8/11/2009 11:49:26 AM,WILLIG01,LSCAHP5100.pc3,11x17,1:1,
Z:\New Folder\AbTcpVsRSLinx.dwg,AbTcpEthernet,8/11/2009 12:11:09 PM,WILLIG01,LSCAHP5100.pc3,11x17,1:1,
Z:\_Plant Systems\AbTcpVsRSLinx.dwg,AbTcpEthernet (2),10/6/2010 10:53:05 AM,willig02,LSCAHP5100.pc3,11x17,1:1,
Z:\_Plant Systems\AbTcpVsRSLinx.dwg,AbTcpEthernet (3),10/6/2010 10:53:09 AM,willig02,LSCAHP5100.pc3,11x17,1:1,
Z:\_Plant Systems\AbTcpVsRSLinx.dwg,AbTcpEthernet (4),10/27/2010 10:00:20 AM,willig02,LSCAHP5100.pc3,11x17,1:1,
Z:\_Plant Systems\AbTcpVsRSLinx.dwg,AbTcpEthernet (3),10/27/2010 10:00:24 AM,willig02,LSCAHP5100.pc3,11x17,1:1,
Z:\_Plant Systems\AbTcpVsRSLinx.dwg,AbTcpEthernet (2),10/27/2010 10:00:28 AM,willig02,LSCAHP5100.pc3,11x17,1:1,
Z:\_Plant Systems\AbTcpVsRSLinx.dwg,AbTcpEthernet,10/27/2010 10:00:33 AM,willig02,LSCAHP5100.pc3,11x17,1:1,
K:\Automation\Cambria\Plant\Utility\Compressed Air System\DWGS\Compressed Air PFD.dwg,Soft Line 1,11/4/2010 11:53:10 AM,willig02,LSCAHP5100.pc3,11x17,1:2.57822,
K:\Automation\Cambria\Plant\Utility\Compressed Air System\DWGS\Compressed Air PFD.dwg,Soft Line 1 (2),11/4/2010 11:53:11 AM,willig02,LSCAHP5100.pc3,11x17,1:2.5783,
K:\Automation\Cambria\Plant\Utility\Compressed Air System\DWGS\Compressed Air PFD.dwg,Distributers,11/4/2010 11:53:12 AM,willig02,LSCAHP5100.pc3,11x17,1:2.5783,
K:\Automation\Cambria\Plant\Utility\Compressed Air System\DWGS\Compressed Air PFD.dwg,Line 1&2 Air System,11/4/2010 11:53:13 AM,willig02,LSCAHP5100.pc3,11x17,1:2.57829,
K:\Automation\Cambria\Plant\Utility\Compressed Air System\DWGS\Compressed Air PFD.dwg,Dense Phase Air System,11/4/2010 11:53:13 AM,willig02,LSCAHP5100.pc3,11x17,1:2.5783,
K:\Automation\Cambria\Plant\Utility\Compressed Air System\DWGS\Compressed Air PFD.dwg,Receiving Silo Room,11/4/2010 11:53:14 AM,willig02,LSCAHP5100.pc3,11x17,1:2.5783,
K:\Automation\Cambria\Plant\Utility\Compressed Air System\DWGS\Compressed Air PFD.dwg,New Polish Line,11/4/2010 11:53:15 AM,willig02,LSCAHP5100.pc3,11x17,1:2.5783,
K:\Automation\Cambria\Plant\Utility\Compressed Air System\DWGS\Compressed Air PFD.dwg,Comp Room Mezz & Oil Recirc Room,11/4/2010 11:53:16 AM,willig02,LSCAHP5100.pc3,11x17,1:2.5783,
K:\Automation\Cambria\Plant\Utility\Compressed Air System\DWGS\Compressed Air PFD.dwg,Silo Room,11/4/2010 11:53:16 AM,willig02,LSCAHP5100.pc3,11x17,1:2.5783,
K:\Automation\Cambria\Plant\Utility\Compressed Air System\DWGS\Compressed Air PFD.dwg,Formulation,11/4/2010 11:53:17 AM,willig02,LSCAHP5100.pc3,11x17,1:2.5783,
K:\Automation\Cambria\Plant\Utility\Compressed Air System\DWGS\Compressed Air PFD.dwg,B Side Mixers,11/4/2010 11:53:18 AM,willig02,LSCAHP5100.pc3,11x17,1:2.5783,
K:\Automation\Cambria\Plant\Utility\Compressed Air System\DWGS\Compressed Air PFD.dwg,A Side Mixers,11/4/2010 11:53:18 AM,willig02,LSCAHP5100.pc3,11x17,1:2.5783,
K:\Automation\Cambria\Plant\Utility\Compressed Air System\DWGS\Compressed Air PFD.dwg,Silex USA,11/4/2010 11:53:19 AM,willig02,LSCAHP5100.pc3,11x17,1:2.5783,
K:\Automation\Cambria\Plant\Utility\Compressed Air System\DWGS\Compressed Air PFD.dwg,Maintenance,11/4/2010 11:53:20 AM,willig02,LSCAHP5100.pc3,11x17,1:2.5783,
K:\Automation\Cambria\Plant\Utility\Compressed Air System\DWGS\Compressed Air PFD.dwg,New Maint - Water - Filter Press,11/4/2010 11:53:20 AM,willig02,LSCAHP5100.pc3,11x17,1:2.5783,
K:\Automation\Cambria\Plant\Utility\Compressed Air System\DWGS\Compressed Air PFD.dwg,Filter Press - Sludge Hop - Oil,11/4/2010 11:53:21 AM,willig02,LSCAHP5100.pc3,11x17,1:2.5783,
K:\Automation\Cambria\Plant\Utility\Compressed Air System\DWGS\Compressed Air PFD.dwg,Water & Oil Room,11/4/2010 11:53:22 AM,willig02,LSCAHP5100.pc3,11x17,1:2.5783,
K:\Automation\Cambria\Plant\Utility\Compressed Air System\DWGS\Compressed Air PFD.dwg,L1 Pol-Tile,11/4/2010 11:53:23 AM,willig02,LSCAHP5100.pc3,11x17,1:2.5783,
K:\Automation\Cambria\Plant\Utility\Compressed Air System\DWGS\Compressed Air PFD.dwg,Q&A-R&D Room,11/4/2010 11:53:23 AM,willig02,LSCAHP5100.pc3,11x17,1:2.57836,
Z:\_Plant Systems\AbTcpVsRSLinx.dwg,AbTcpEthernet,11/4/2010 12:59:20 PM,willig02,LSCAHP5100.pc3,11x17,1:0.999212,
Z:\_Plant Systems\AbTcpVsRSLinx.dwg,AbTcpEthernet (2),11/4/2010 12:59:20 PM,willig02,LSCAHP5100.pc3,11x17,1:0.999212,
Z:\_Plant Systems\AbTcpVsRSLinx.dwg,AbTcpEthernet (3),11/4/2010 12:59:21 PM,willig02,LSCAHP5100.pc3,11x17,1:0.999212,
Z:\_Plant Systems\AbTcpVsRSLinx.dwg,AbTcpEthernet (4),11/4/2010 12:59:21 PM,willig02,LSCAHP5100.pc3,11x17,1:0.999212,
Z:\_Plant1&2-MasterPlanNew.dwg,MasterPlan,11/4/2010 4:47:10 PM,willig02,LSCAHP5100.pc3,11x17,1:0.999212,
Z:\RawProduct.dwg,Detail01,11/15/2010 12:09:13 PM,willig02,LSCAHP5100.pc3,11x17,1:0.999212,
Z:\RawProduct.dwg,Detail01,11/18/2010 10:22:51 AM,willig02,LSCAHP5100.pc3,11x17,1:0.999212,
C:\Documents and Settings\willig02\Desktop\LabelProject\SoftLinePlant2.dwg,Plan View,12/13/2010 1:01:47 PM,willig02,LSCAHP5100.pc3,11x17,1:0.999212,
C:\Documents and Settings\willig02\Desktop\LabelProject\SoftLinePlant2.dwg,Plan View,12/14/2010 8:47:24 AM,willig02,LSCAHP5100.pc3,11x17,1:0.999212,
Z:\PolishPlant1New.dwg,Plan View,12/20/2010 8:38:35 AM,willig02,LSCAHP5100.pc3,11x17,1:1,
Z:\2000-99C-CCO - Cambria Plant\Project Information\Resin Tanks\Cambria Resin PID 1 - IFC.dwg,Model,12/20/2010 8:41:48 AM,willig02,LSCAHP5100.pc3,11x17,1:1.59645,
Z:\2000-99C-CCO - Cambria Plant\Project Information\Resin Tanks\Cambria Resin PID 1 - R14.dwg,Model,12/20/2010 8:42:05 AM,willig02,LSCAHP5100.pc3,11x17,1:1.59655,
Z:\2000-99C-CCO - Cambria Plant\Project Information\Resin Tanks\Cambria Resin PID 2 - IFC.dwg,Model,12/20/2010 8:42:24 AM,willig02,LSCAHP5100.pc3,11x17,1:1.5966,
Z:\2000-99C-CCO - Cambria Plant\Project Information\Resin Tanks\Cambria Resin PID 2 - R14.dwg,Model,12/20/2010 8:42:45 AM,willig02,LSCAHP5100.pc3,11x17,1:1.5965,
Z:\2000-99C-CCO - Cambria Plant\Project Information\Resin Tanks\CCO-3600-PI-01-R10.dwg,Model,12/20/2010 8:44:17 AM,willig02,LSCAHP5100.pc3,11x17,1:1.99344,
Z:\2000-99C-CCO - Cambria Plant\Project Information\Resin Tanks\CCO-3600-PI-01-R11.dwg,Model,12/20/2010 8:44:25 AM,willig02,LSCAHP5100.pc3,11x17,1:1.95746,
Z:\2000-99C-CCO - Cambria Plant\Project Information\Resin Tanks\CCO-3600-PI-02-R8.dwg,Model,12/20/2010 8:44:39 AM,willig02,LSCAHP5100.pc3,11x17,1:1.99337,
Z:\2000-99C-CCO - Cambria Plant\Project Information\Resin Tanks\CCO-3600-PI-02-R9.dwg,Model,12/20/2010 8:44:50 AM,willig02,LSCAHP5100.pc3,11x17,1:1.95739,
Z:\2000-99C-CCO - Cambria Plant\Project Information\Resin Tanks\CCO-3600-PI-02-R10.dwg,Model,12/20/2010 8:44:59 AM,willig02,LSCAHP5100.pc3,11x17,1:1.95736,
Z:\2000-99C-CCO - Cambria Plant\Project Information\Resin Tanks\Drawing2.dwg,Model,12/20/2010 8:45:11 AM,willig02,LSCAHP5100.pc3,11x17,1:51.0207,
Z:\2000-99C-CCO - Cambria Plant\Project Information\Resin Tanks\Resin PID 1.dwg,Model,12/20/2010 8:45:23 AM,willig02,LSCAHP5100.pc3,11x17,1:1.5966,
Z:\2000-99C-CCO - Cambria Plant\Project Information\Resin Tanks\Resin PID 2.dwg,Model,12/20/2010 8:45:35 AM,willig02,LSCAHP5100.pc3,11x17,1:1.59655,
Z:\2000-99C-CCO - Cambria Plant\Project Information\Resin Tanks\Resin Storage Tank Details - A Size.dwg,Layout1,12/20/2010 8:45:45 AM,willig02,LSCAHP5100.pc3,11x17,1:1.57526,
Z:\2000-99C-CCO - Cambria Plant\Project Information\Resin Tanks\Resin Strg Tanks Plan View.dwg,Model,12/20/2010 8:46:02 AM,willig02,LSCAHP5100.pc3,11x17,1:10.1891,
Z:\2000-99C-CCO - Cambria Plant\Project Information\Resin Tanks\Sd072022.dwg,Model,12/20/2010 8:46:12 AM,willig02,LSCAHP5100.pc3,11x17,1:0.703211,
Z:\2000-99C-CCO - Cambria Plant\Project Information\Resin Tanks\spg-19968-1-d.dwg,Model,12/20/2010 8:46:21 AM,willig02,LSCAHP5100.pc3,11x17,1:46.8028,
Z:\2030-05C-CCO - Cambria Plant Expansion Line 2  Equipment\Resin Pumping System\Mixing Line C_rev2 - Mixer PID.DWG,Model,12/20/2010 8:49:34 AM,willig02,LSCAHP5100.pc3,11x17,1:1.7141,
Z:\2030-05C-CCO - Cambria Plant Expansion Line 2  Equipment\Resin Pumping System\Drawings\P&ID\Tim's resin P&ID - 052008.dwg,East Platform,12/20/2010 8:50:02 AM,willig02,LSCAHP5100.pc3,11x17,1:2.01734,
Z:\2030-05C-CCO - Cambria Plant Expansion Line 2  Equipment\Resin Pumping System\Drawings\P&ID\Tim's resin P&ID - 052008.dwg,West Platform,12/20/2010 8:50:06 AM,willig02,LSCAHP5100.pc3,11x17,1:2.01734,
Z:\2030-05C-CCO - Cambria Plant Expansion Line 2  Equipment\Resin Pumping System\Drawings\Tanks\24inResinTank.dwg,Resin Tank,12/20/2010 8:50:34 AM,willig02,LSCAHP5100.pc3,11x17,1:0.63546,
Z:\2030-05C-CCO - Cambria Plant Expansion Line 2  Equipment\Resin Pumping System\Drawings\Tanks\24inResinTank.dwg,Catalyst Tank,12/20/2010 8:50:39 AM,willig02,LSCAHP5100.pc3,11x17,1:0.635421,
Z:\2030-05C-CCO - Cambria Plant Expansion Line 2  Equipment\Resin Pumping System\Drawings\Tanks\24inResinTank.dwg,Resin Frame,12/20/2010 8:50:44 AM,willig02,LSCAHP5100.pc3,11x17,1:0.63546,
Z:\2030-05C-CCO - Cambria Plant Expansion Line 2  Equipment\Resin Pumping System\Drawings\Tanks\24inResinTank.dwg,Catalyst Frame,12/20/2010 8:50:49 AM,willig02,LSCAHP5100.pc3,11x17,1:0.63546,
Z:\ResinTanks.dwg,Plan View,12/20/2010 8:54:01 AM,willig02,LSCAHP5100.pc3,11x17,1:0.999212,
Z:\ResinTanks.dwg,C-Side,12/20/2010 8:54:07 AM,willig02,LSCAHP5100.pc3,11x17,1:0.956017,
Z:\ResinTanks.dwg,A&B-Side,12/20/2010 8:54:15 AM,willig02,LSCAHP5100.pc3,11x17,1:0.956017,
Z:\ResinTanks.dwg,Resin Storage,12/20/2010 8:54:21 AM,willig02,LSCAHP5100.pc3,11x17,1:0.977733,
Z:\ResinTanks.dwg,Plan View,12/20/2010 8:57:21 AM,willig02,LSCAHP5100.pc3,11x17,1:1,
Z:\ResinTanks.dwg,C-Side,12/20/2010 8:57:38 AM,willig02,LSCAHP5100.pc3,11x17,1:1,
Z:\ResinTanks.dwg,A&B-Side,12/20/2010 8:57:55 AM,willig02,LSCAHP5100.pc3,11x17,1:1,
Z:\ResinTanks.dwg,Resin Storage,12/20/2010 8:58:13 AM,willig02,LSCAHP5100.pc3,11x17,1:1,
K:\Automation\Cambria\Plant\Line 1\Formulation\MXA\DWGS\C Side PID\Mixing Line C_rev3.DWG,C Side PID,12/20/2010 10:17:32 AM,willig02,LSCAHP5100.pc3,11x17,1:0.999204,
K:\Automation\Cambria\Plant\Line 1\Formulation\MXA\DWGS\C Side PID\Mixing Line C_rev3.DWG,Layout2,12/20/2010 10:17:48 AM,willig02,LSCAHP5100.pc3,11x17,1:0.533811,
K:\Automation\Cambria\Plant\Line 1\Formulation\MXA\DWGS\C Side PID\Mixing Line C_rev3.DWG,Layout1,12/20/2010 10:17:53 AM,willig02,LSCAHP5100.pc3,11x17,1:0.574986,
K:\Automation\Cambria\Plant\Line 1\Formulation\MXA\DWGS\C Side PID\Mixing Line C_rev3.DWG,Layout1 (2),12/20/2010 10:17:56 AM,willig02,LSCAHP5100.pc3,11x17,1:0.574986,
K:\Automation\Cambria\Plant\Line 1\Formulation\MXB\DWGS\B Side PID\Mixing Line A&B_rev0.DWG,Model,12/20/2010 10:18:38 AM,willig02,LSCAHP5100.pc3,11x17,1:2.24972,
Z:\_Plant1&2-MasterPlanNew.dwg,MasterPlan,1/12/2011 2:28:00 PM,willig02,LSCAHP5100.pc3,11x17,1:0.999212,
Z:\_Plant1&2-MasterPlanNew.dwg,MasterPlan,1/12/2011 2:49:20 PM,willig02,LSCAHP5100.pc3,11x17,1:1,
C:\Documents and Settings\willig02\Desktop\PressCalibrationBlock.dwg,Layout1,2/24/2011 3:33:49 PM,willig02,LSCAHP5100.pc3,11x17,1:1,
C:\Documents and Settings\willig02\Desktop\PressCalibrationBlock.dwg,Layout1,2/24/2011 3:37:19 PM,willig02,LSCAHP5100.pc3,11x17,1:0.999212,
C:\Documents and Settings\willig02\Desktop\PressCalibrationBlock.dwg,Layout1,2/24/2011 3:51:25 PM,willig02,LSCAHP5100.pc3,11x17,1:0.999211,
C:\Documents and Settings\willig02\Desktop\LabelProject\SoftLinePlant2.dwg,New Procedure,3/16/2011 1:43:44 PM,willig02,LSCAHP5100.pc3,11x17,1:0.999212,
C:\Documents and Settings\willig02\Desktop\LabelProject\SoftLinePlant2.dwg,Plan View,3/16/2011 3:50:04 PM,willig02,LSCAHP5100.pc3,11x17,1:0.999212,
C:\Documents and Settings\willig02\Desktop\LabelProject\SoftLinePlant2-NewOption.dwg,New Option,3/21/2011 9:36:19 AM,willig02,LSCAHP5100.pc3,11x17,1:0.999212,
C:\Documents and Settings\willig02\Desktop\LabelProject\SoftLinePlant2-NewOption.dwg,New Option,3/21/2011 10:11:52 AM,willig02,LSCAHP5100.pc3,11x17,1:0.999212,
C:\Documents and Settings\willig02\Desktop\Infinity.dwg,New Option,3/24/2011 3:27:51 PM,willig02,LSCAHP5100.pc3,11x17,1:0.999212,
C:\Documents and Settings\willig02\Desktop\Infinity.dwg,ExistingMenu,3/24/2011 3:27:56 PM,willig02,LSCAHP5100.pc3,11x17,1:0.999212,
J:\Business Office\Engineering\Shared\kulzej01\Cambria Resin P&ID\Working Set\Resin System PID.dwg,00 Resin System,5/12/2011 8:50:15 AM,willig02,LSCAHP5100.pc3,11x17,1:0.0393391,
J:\Business Office\Engineering\Shared\kulzej01\Cambria Resin P&ID\Working Set\Resin System PID.dwg,01 Resin Storage,5/12/2011 8:50:22 AM,willig02,LSCAHP5100.pc3,11x17,1:0.0393391,
J:\Business Office\Engineering\Shared\kulzej01\Cambria Resin P&ID\Working Set\Resin System PID.dwg,02 Day Tanks,5/12/2011 8:50:30 AM,willig02,LSCAHP5100.pc3,11x17,1:0.0393391,
J:\Business Office\Engineering\Shared\kulzej01\Cambria Resin P&ID\Working Set\Resin System PID.dwg,03 B Side Mxrs,5/12/2011 8:50:34 AM,willig02,LSCAHP5100.pc3,11x17,1:0.0393391,
J:\Business Office\Engineering\Shared\kulzej01\Cambria Resin P&ID\Working Set\Resin System PID.dwg,04 A Side Mxrs,5/12/2011 8:50:37 AM,willig02,LSCAHP5100.pc3,11x17,1:0.0393391,
J:\Business Office\Engineering\Shared\kulzej01\Cambria Resin P&ID\Working Set\Resin System PID.dwg,05 C Side Mxrs,5/12/2011 8:50:40 AM,willig02,LSCAHP5100.pc3,11x17,1:0.0393391,
J:\Business Office\Engineering\Shared\kulzej01\Cambria Resin P&ID\Working Set\Resin System PID.dwg,06 D Side Mxrs,5/12/2011 8:50:44 AM,willig02,LSCAHP5100.pc3,11x17,1:0.0393391,
E:\Garage\Garage2004 Option A.dwg,Plan View Overview,6/8/2011 5:01:41 PM,willig02,LSCAHP5100.pc3,11x17,1:1,
E:\Garage\Garage2004 Option A.dwg,Plan View,6/8/2011 5:01:46 PM,willig02,LSCAHP5100.pc3,11x17,1:1,
E:\Garage\Garage2004 Option A.dwg,Elevation,6/8/2011 5:01:50 PM,willig02,LSCAHP5100.pc3,11x17,1:1,
E:\Garage\Garage2004 Option A.dwg,Floor Plan,6/8/2011 5:01:53 PM,willig02,LSCAHP5100.pc3,11x17,1:1,
J:\Business Office\Engineering\Shared\kulzej01\Cambria Resin P&ID\Working Set\Resin System PID.dwg,00 Resin System,6/15/2011 3:18:23 PM,willig02,LSCAHP5100.pc3,11x17,1:1,
J:\Business Office\Engineering\Shared\kulzej01\Cambria Resin P&ID\Working Set\Resin System PID.dwg,00 Resin System,6/15/2011 3:18:48 PM,willig02,LSCAHP5100.pc3,11x17,1:0.0393391,
J:\Business Office\Engineering\Shared\kulzej01\Cambria Resin P&ID\Working Set\Resin System PID.dwg,01 Resin Storage,6/15/2011 3:19:34 PM,willig02,LSCAHP5100.pc3,11x17,1:0.0393391,
J:\Business Office\Engineering\Shared\kulzej01\Cambria Resin P&ID\Working Set\Resin System PID.dwg,02 Day Tanks,6/15/2011 3:19:39 PM,willig02,LSCAHP5100.pc3,11x17,1:0.0393391,
J:\Business Office\Engineering\Shared\kulzej01\Cambria Resin P&ID\Working Set\Resin System PID.dwg,03 B Side Mxrs,6/15/2011 3:19:44 PM,willig02,LSCAHP5100.pc3,11x17,1:0.0393391,
J:\Business Office\Engineering\Shared\kulzej01\Cambria Resin P&ID\Working Set\Resin System PID.dwg,04 A Side Mxrs,6/15/2011 3:19:49 PM,willig02,LSCAHP5100.pc3,11x17,1:0.0393391,
J:\Business Office\Engineering\Shared\kulzej01\Cambria Resin P&ID\Working Set\Resin System PID.dwg,05 C Side Mxrs,6/15/2011 3:19:55 PM,willig02,LSCAHP5100.pc3,11x17,1:0.0393391,
J:\Business Office\Engineering\Shared\kulzej01\Cambria Resin P&ID\Working Set\Resin System PID.dwg,06 D Side Mxrs,6/15/2011 3:19:59 PM,willig02,LSCAHP5100.pc3,11x17,1:0.0393391,
J:\Business Office\Engineering\Shared\kulzej01\Cambria Resin P&ID\Working Set\Resin System PID.dwg,06 D Side Mxrs,6/15/2011 3:25:28 PM,willig02,LSCAHP5100.pc3,11x17,1:1,
J:\Business Office\Engineering\Shared\kulzej01\Cambria Resin P&ID\Working Set\Resin System PID.dwg,00 Resin System,6/15/2011 3:26:18 PM,willig02,LSCAHP5100.pc3,11x17,1:0.0393391,
J:\Business Office\Engineering\Shared\kulzej01\Cambria Resin P&ID\Working Set\Resin System PID.dwg,01 Resin Storage,6/15/2011 3:26:26 PM,willig02,LSCAHP5100.pc3,11x17,1:0.0393391,
J:\Business Office\Engineering\Shared\kulzej01\Cambria Resin P&ID\Working Set\Resin System PID.dwg,02 Day Tanks,6/15/2011 3:26:32 PM,willig02,LSCAHP5100.pc3,11x17,1:0.0393391,
J:\Business Office\Engineering\Shared\kulzej01\Cambria Resin P&ID\Working Set\Resin System PID.dwg,03 B Side Mxrs,6/15/2011 3:26:36 PM,willig02,LSCAHP5100.pc3,11x17,1:0.0393391,
J:\Business Office\Engineering\Shared\kulzej01\Cambria Resin P&ID\Working Set\Resin System PID.dwg,04 A Side Mxrs,6/15/2011 3:26:40 PM,willig02,LSCAHP5100.pc3,11x17,1:0.0393391,
J:\Business Office\Engineering\Shared\kulzej01\Cambria Resin P&ID\Working Set\Resin System PID.dwg,05 C Side Mxrs,6/15/2011 3:26:44 PM,willig02,LSCAHP5100.pc3,11x17,1:0.0393391,
J:\Business Office\Engineering\Shared\kulzej01\Cambria Resin P&ID\Working Set\Resin System PID.dwg,06 D Side Mxrs,6/15/2011 3:27:52 PM,willig02,LSCAHP5100.pc3,11x17,1:0.0393391,
Z:\RacksMetal.dwg,Plan View,10/5/2011 12:10:58 PM,willig02,\\lsca.printers\LSCAMAINTHPDJ500,ANSI D - 22 x 34 in.,1:0.359474,
Z:\_Plant Systems\AbTcpVsRSLinx.dwg,AbTcpEthernet,7/17/2012 9:56:26 AM,willig02,LSCAHP5100.pc3,11x17,1:0.999212,
Z:\_Plant Systems\AbTcpVsRSLinx.dwg,AbTcpEthernet (2),7/17/2012 9:56:33 AM,willig02,LSCAHP5100.pc3,11x17,1:0.999212,
Z:\_Plant Systems\AbTcpVsRSLinx.dwg,AbTcpEthernet (3),7/17/2012 9:56:35 AM,willig02,LSCAHP5100.pc3,11x17,1:0.999212,
Z:\_Plant Systems\AbTcpVsRSLinx.dwg,AbTcpEthernet (4),7/17/2012 9:56:38 AM,willig02,LSCAHP5100.pc3,11x17,1:0.999212,
C:\Gary\Line2LabelProject\SoftLinePlant2.dwg,Soft Line2 Plan View,10/31/2012 9:12:53 AM,willig02,LSCAHP5100.pc3,11x17,1:0.999212,
C:\Gary\Line2LabelProject\SoftLinePlant2.dwg,Cooling Tower -  Jot,10/31/2012 9:12:58 AM,willig02,LSCAHP5100.pc3,11x17,1:0.999212,
C:\Gary\Line2LabelProject\SoftLinePlant2.dwg,New Tracking Screen,10/31/2012 9:13:02 AM,willig02,LSCAHP5100.pc3,11x17,1:0.999212,
C:\Documents and Settings\willig02\Desktop\WCS Touchcreen Overview.dwg,Formulation Option 2,10/31/2012 9:32:04 AM,willig02,LSCAHP5100.pc3,11x17,1:0.980219,
C:\Documents and Settings\willig02\Desktop\WCS Touchcreen Overview.dwg,Formulation Option 1,10/31/2012 9:32:10 AM,willig02,LSCAHP5100.pc3,11x17,1:0.980219,
C:\Documents and Settings\willig02\Desktop\WCS Touchcreen Overview.dwg,Formulation Option 1,10/31/2012 9:33:17 AM,willig02,LSCAHP5100.pc3,11x17,1:1,
C:\Documents and Settings\willig02\Desktop\WCS Touchcreen Overview.dwg,Formulation Option 2,10/31/2012 9:33:23 AM,willig02,LSCAHP5100.pc3,11x17,1:1,
C:\Documents and Settings\willig02\Desktop\WCS Touchcreen Overview.dwg,Formulation Option B,10/31/2012 11:11:33 AM,willig02,LSCAHP5100.pc3,11x17,1:1,
C:\Documents and Settings\willig02\Desktop\WCS Touchcreen Overview.dwg,Formulation Option A,10/31/2012 11:11:42 AM,willig02,LSCAHP5100.pc3,11x17,1:1,
Z:\_Plant Systems\AbTcpVsRSLinx.dwg,Services,5/15/2013 11:09:35 AM,willig02,HP Color LaserJet CP5520 Series PCL 6,11x17,1:1,
Z:\RoofTopEquip.dwg,Plan View,6/25/2013 2:21:30 PM,willig02,HP Color LaserJet CP5520 Series PCL 6,11x17,1:0.757324,
Z:\RoofTopEquip.dwg,Plan View,6/25/2013 2:34:37 PM,willig02,\\lsca.printers\LSCAMAINTHPDJ500,Arch D - 24 x 36 in.,1:0.342221,
Z:\RoofTopEquip.dwg,Plan View,6/25/2013 2:56:04 PM,willig02,\\lsca.printers\LSCAMAINTHPDJ500,ANSI D - 22 x 34 in.,1:0.373901,
F:\CadFiles\_Plant Systems\dfhlscaSql01_MoveTo_CM.dwg,Databases,7/24/2015 4:26:11 PM,willig02,HP Color LaserJet CP5520 Series PCL 6,11x17,1:1,
F:\CadFiles\_Plant Systems\RtoData.dwg,RtoData,7/27/2015 2:47:56 PM,willig02,HP Color LaserJet CP5520 Series PCL 6,11x17,1:1,
F:\CadFiles\_Plant Systems\LasersSoftlines.dwg,Softline Lasers,7/27/2015 2:56:24 PM,willig02,HP Color LaserJet CP5520 Series PCL 6,11x17,1:1,
F:\CadFiles\_Plant Systems\WaterData.dwg,WaterData,7/27/2015 3:03:15 PM,willig02,HP Color LaserJet CP5520 Series PCL 6,11x17,1:1,
F:\CadFiles\_Plant Systems\RecipesAndWeightLogging.dwg,Wonderware App Screens,8/5/2015 3:29:24 PM,willig02,HP Color LaserJet CP5520 Series PCL 6,11x17,1:1,
F:\CadFiles\_Plant Systems\RecipesAndWeightLogging.dwg,Recipe App Screens,8/5/2015 3:29:37 PM,willig02,HP Color LaserJet CP5520 Series PCL 6,11x17,1:1,
F:\CadFiles\_Mold\mold.dwg,Mold,8/6/2015 1:54:35 PM,willig02,HP Color LaserJet CP5520 Series PCL 6,11x17,1:1,
